<?xml version="1.0" encoding="UTF-8"?>
<!-- Generated by org.testng.reporters.JUnitReportReporter -->
<testsuite skipped="0" hostname="CHETUIWK172" name="TigerLRM.testCases.TC0_SignUpPage" tests="1" failures="0" timestamp="05 Apr 2022 10:14:40 GMT" time="11.044" errors="0">
  <testcase name="SignUpPage" time="11.044" classname="TigerLRM.testCases.TC0_SignUpPage"/>
</testsuite> <!-- TigerLRM.testCases.TC0_SignUpPage -->
