<?xml version="1.0" encoding="UTF-8"?>
<!-- Generated by org.testng.reporters.JUnitReportReporter -->
<testsuite skipped="0" hostname="CHETUIWK172" name="TigerLRM.testCases.TC2_CreateLeadPage" tests="1" failures="0" timestamp="08 Apr 2022 17:52:50 GMT" time="70.292" errors="0">
  <testcase name="CreateLeadPage" time="70.292" classname="TigerLRM.testCases.TC2_CreateLeadPage"/>
</testsuite> <!-- TigerLRM.testCases.TC2_CreateLeadPage -->
